<?xml version="1.0" encoding="UTF-8"?>
<testsuite xmlns:xsi="http://www.w3.org/2001/XMLSchema-instance" xsi:noNamespaceSchemaLocation="https://maven.apache.org/surefire/maven-surefire-plugin/xsd/surefire-test-report-3.0.xsd" version="3.0" name="com.isep.EmployeTest" time="0.01" tests="5" errors="0" skipped="0" failures="0">
  <properties>
[...]
</properties>
  <testcase name="testObtenirRole" classname="com.isep.EmployeTest" time="0.001"/>
  <testcase name="testGetDataEmbauche" classname="com.isep.EmployeTest" time="0.001"/>
  <testcase name="testSetNumeroEmploye" classname="com.isep.EmployeTest" time="0.001"/>
  <testcase name="testSetDataEmbauche" classname="com.isep.EmployeTest" time="0.001"/>
  <testcase name="testGetNumeroEmploye" classname="com.isep.EmployeTest" time="0.001"/>
</testsuite>